<?xml version="1.0" encoding="UTF-8"?>
<!-- Generated by org.testng.reporters.JUnitXMLReporter -->
<testsuite ignored="0" hostname="MYSHEC335333L" failures="0" tests="3" name="Default test" time="5.228" errors="0" timestamp="2020-12-04T17:20:01 IST">
  <testcase classname="assignment3.stepdefination3" name="api_for_foreign_exchange" time="1.268"/>
  <testcase classname="assignment3.stepdefination3" name="posted_with_correct_information" time="3.813"/>
  <testcase classname="assignment3.stepdefination3" name="validate_positive_response_code_received" time="0.048"/>
</testsuite> <!-- Default test -->
