<?xml version="1.0" encoding="UTF-8"?>
<testng-results ignored="0" total="3" passed="3" failed="0" skipped="0">
  <reporter-output>
  </reporter-output>
  <suite started-at="2020-12-04T15:43:37 IST" name="Default suite" finished-at="2020-12-04T15:43:43 IST" duration-ms="5546">
    <groups>
    </groups>
    <test started-at="2020-12-04T15:43:37 IST" name="Default test" finished-at="2020-12-04T15:43:43 IST" duration-ms="5546">
      <class name="assignment2.stepdefination2">
        <test-method signature="api_for_foreign_exchange()[pri:0, instance:assignment2.stepdefination2@659a969b]" started-at="2020-12-04T15:43:37 IST" name="api_for_foreign_exchange" finished-at="2020-12-04T15:43:39 IST" duration-ms="1191" status="PASS">
          <reporter-output>
          </reporter-output>
        </test-method> <!-- api_for_foreign_exchange -->
        <test-method signature="posted_with_correct_information()[pri:0, instance:assignment2.stepdefination2@659a969b]" started-at="2020-12-04T15:43:39 IST" name="posted_with_correct_information" finished-at="2020-12-04T15:43:42 IST" duration-ms="2969" status="PASS">
          <reporter-output>
          </reporter-output>
        </test-method> <!-- posted_with_correct_information -->
        <test-method signature="validate_positive_response_code_received()[pri:0, instance:assignment2.stepdefination2@659a969b]" started-at="2020-12-04T15:43:42 IST" name="validate_positive_response_code_received" finished-at="2020-12-04T15:43:43 IST" duration-ms="1272" status="PASS">
          <reporter-output>
          </reporter-output>
        </test-method> <!-- validate_positive_response_code_received -->
      </class> <!-- assignment2.stepdefination2 -->
    </test> <!-- Default test -->
  </suite> <!-- Default suite -->
</testng-results>
