<?xml version="1.0" encoding="UTF-8"?>
<testng-results ignored="0" total="4" passed="4" failed="0" skipped="0">
  <reporter-output>
  </reporter-output>
  <suite started-at="2020-12-07T19:36:43 IST" name="Default suite" finished-at="2020-12-07T19:36:46 IST" duration-ms="2894">
    <groups>
    </groups>
    <test started-at="2020-12-07T19:36:43 IST" name="Default test" finished-at="2020-12-07T19:36:46 IST" duration-ms="2894">
      <class name="assignment8.stepDefination8">
        <test-method signature="api_for_foreign_exchange()[pri:0, instance:assignment8.stepDefination8@418e7838]" started-at="2020-12-07T19:36:43 IST" name="api_for_foreign_exchange" finished-at="2020-12-07T19:36:44 IST" duration-ms="724" status="PASS">
          <reporter-output>
          </reporter-output>
        </test-method> <!-- api_for_foreign_exchange -->
        <test-method signature="posted_with_future_date_information(java.lang.String, java.lang.String, java.lang.String)[pri:0, instance:assignment8.stepDefination8@418e7838]" started-at="2020-12-07T19:36:44 IST" name="posted_with_future_date_information" data-provider="values" finished-at="2020-12-07T19:36:46 IST" duration-ms="1720" status="PASS">
          <params>
            <param index="0">
              <value>
                <![CDATA[2020]]>
              </value>
            </param>
            <param index="1">
              <value>
                <![CDATA[12]]>
              </value>
            </param>
            <param index="2">
              <value>
                <![CDATA[30]]>
              </value>
            </param>
          </params>
          <reporter-output>
          </reporter-output>
        </test-method> <!-- posted_with_future_date_information -->
        <test-method signature="posted_with_future_date_information(java.lang.String, java.lang.String, java.lang.String)[pri:0, instance:assignment8.stepDefination8@418e7838]" started-at="2020-12-07T19:36:46 IST" name="posted_with_future_date_information" data-provider="values" finished-at="2020-12-07T19:36:46 IST" duration-ms="380" status="PASS">
          <params>
            <param index="0">
              <value>
                <![CDATA[2020]]>
              </value>
            </param>
            <param index="1">
              <value>
                <![CDATA[12]]>
              </value>
            </param>
            <param index="2">
              <value>
                <![CDATA[15]]>
              </value>
            </param>
          </params>
          <reporter-output>
          </reporter-output>
        </test-method> <!-- posted_with_future_date_information -->
        <test-method signature="validate_positive_response_code_received()[pri:0, instance:assignment8.stepDefination8@418e7838]" started-at="2020-12-07T19:36:46 IST" name="validate_positive_response_code_received" finished-at="2020-12-07T19:36:46 IST" duration-ms="4" status="PASS">
          <reporter-output>
          </reporter-output>
        </test-method> <!-- validate_positive_response_code_received -->
      </class> <!-- assignment8.stepDefination8 -->
    </test> <!-- Default test -->
  </suite> <!-- Default suite -->
</testng-results>
